2025-10-22T20:14:39.424145063Z ==> Downloading cache...
2025-10-22T20:14:39.426326805Z ==> Cloning from https://github.com/DonCorleone/streetsurfclub-analog
2025-10-22T20:14:41.387180069Z ==> Checking out commit 3c65cc775e4e770e3ac64b00aaf81029c37c4c15 in branch main
2025-10-22T20:14:52.644218436Z ==> Transferred 196MB in 7s. Extraction took 4s.
2025-10-22T20:14:58.703533439Z ==> Requesting Node.js version >=20.19.1
2025-10-22T20:14:58.847560322Z ==> Using Node.js version 25.0.0 via /opt/render/project/src/package.json
2025-10-22T20:14:58.873607401Z ==> Docs on specifying a Node.js version: https://render.com/docs/node-version
2025-10-22T20:14:58.936598827Z ==> Running build command 'npm install && node scripts/prerender-routes.mjs && npm run build:prerender'...
2025-10-22T20:15:02.988841785Z 
2025-10-22T20:15:02.988867585Z up to date, audited 821 packages in 4s
2025-10-22T20:15:02.988887616Z 
2025-10-22T20:15:02.988979599Z 165 packages are looking for funding
2025-10-22T20:15:02.98902933Z   run `npm fund` for details
2025-10-22T20:15:02.994597018Z 
2025-10-22T20:15:02.994610838Z 2 moderate severity vulnerabilities
2025-10-22T20:15:02.994616339Z 
2025-10-22T20:15:02.994622259Z To address all issues, run:
2025-10-22T20:15:02.994627909Z   npm audit fix
2025-10-22T20:15:02.994633219Z 
2025-10-22T20:15:02.994638819Z Run `npm audit` for details.
2025-10-22T20:15:03.076363816Z 🔄 Fetching all posts (max 300)...
2025-10-22T20:15:04.343962335Z ✅ Fetched 75 posts
2025-10-22T20:15:04.343988465Z 🔄 Fetching all pages...
2025-10-22T20:15:05.133891891Z ✅ Fetched 9 pages
2025-10-22T20:15:05.133983013Z 
2025-10-22T20:15:05.133993613Z ✅ Generated 21 routes for pre-rendering:
2025-10-22T20:15:05.133999954Z    - Homepage: /
2025-10-22T20:15:05.134011204Z    - Blog list: /blog
2025-10-22T20:15:05.134095496Z    - Latest posts: 10 posts (prerendered)
2025-10-22T20:15:05.134137747Z    - Static pages: 9 pages (prerendered)
2025-10-22T20:15:05.134176719Z    - Older posts: 65 posts (server-rendered on-demand)
2025-10-22T20:15:05.134195309Z    - 🎯 All pages work without JavaScript via SSR!
2025-10-22T20:15:05.135187457Z ✅ Wrote prerender routes to /opt/render/project/src/prerender-routes.json
2025-10-22T20:15:05.238326992Z 
2025-10-22T20:15:05.238352412Z > streetsurfclub-analog@0.0.0 build:prerender
2025-10-22T20:15:05.238358062Z > PRERENDER=true vite build
2025-10-22T20:15:05.238362413Z 
2025-10-22T20:15:06.931086044Z Build mode: production
2025-10-22T20:15:06.931111135Z Should prerender: true
2025-10-22T20:15:06.931137386Z Has env vars: 14706135
2025-10-22T20:15:06.931214228Z Loaded 21 prerender routes from prerender-routes.json
2025-10-22T20:15:07.017061591Z Build mode: production
2025-10-22T20:15:07.017081372Z Should prerender: true
2025-10-22T20:15:07.017100843Z Has env vars: 14706135
2025-10-22T20:15:07.017145964Z Loaded 21 prerender routes from prerender-routes.json
2025-10-22T20:15:07.036582595Z Build mode: production
2025-10-22T20:15:07.036605476Z Should prerender: true
2025-10-22T20:15:07.036609176Z Has env vars: 14706135
2025-10-22T20:15:07.036703279Z Loaded 21 prerender routes from prerender-routes.json
2025-10-22T20:15:07.046870557Z vite v7.1.9 building for production...
2025-10-22T20:15:07.047720371Z vite v7.1.9 building SSR bundle for production...
2025-10-22T20:15:10.271547692Z transforming...
2025-10-22T20:15:10.349959875Z transforming...
2025-10-22T20:15:18.158347675Z ✓ 326 modules transformed.
2025-10-22T20:15:18.51864457Z rendering chunks...
2025-10-22T20:15:19.79862922Z ✓ 64 modules transformed.
2025-10-22T20:15:20.078367201Z rendering chunks...
2025-10-22T20:15:20.124092347Z computing gzip size...
2025-10-22T20:15:20.136477708Z dist/client/index.html                                        1.04 kB │ gzip:   0.63 kB
2025-10-22T20:15:20.136503729Z dist/client/assets/index-C6o3Z05o.css                        19.58 kB │ gzip:   4.72 kB
2025-10-22T20:15:20.136518309Z dist/client/assets/index.page-Bszjbwai.js                     4.48 kB │ gzip:   1.89 kB
2025-10-22T20:15:20.13652469Z dist/client/assets/blog-details.page._id_.page-DaiRYL66.js    6.00 kB │ gzip:   2.27 kB
2025-10-22T20:15:20.13653002Z dist/client/assets/blog-details.post._id_.page-DmXymUyv.js    6.58 kB │ gzip:   2.40 kB
2025-10-22T20:15:20.136568781Z dist/client/assets/index.page-DhoDCQ21.js                     7.31 kB │ gzip:   2.46 kB
2025-10-22T20:15:20.136575521Z dist/client/assets/rxjs-interop-DnHpxQtn.js                  12.60 kB │ gzip:   4.52 kB
2025-10-22T20:15:20.136589031Z dist/client/assets/ancal-footer.component-6jEE-tGV.js        22.64 kB │ gzip:   8.08 kB
2025-10-22T20:15:20.136600332Z dist/client/assets/analogjs-content-Dm5zg3Jw.js              99.67 kB │ gzip:  33.74 kB
2025-10-22T20:15:20.136617582Z dist/client/assets/index-Bjw9N61A.js                        342.17 kB │ gzip: 107.59 kB
2025-10-22T20:15:20.136927581Z ✓ built in 13.06s
2025-10-22T20:15:20.241669901Z dist/ssr/assets/index.page-DCX2n6wD.js                       8.87 kB
2025-10-22T20:15:20.241689421Z dist/ssr/assets/blog-details.page._id_.page-CQfi4yXi.js     11.43 kB
2025-10-22T20:15:20.241705831Z dist/ssr/assets/blog-details.post._id_.page-B5sbmBTt.js     12.73 kB
2025-10-22T20:15:20.241715812Z dist/ssr/assets/index.page-COX1ZJd1.js                      13.71 kB
2025-10-22T20:15:20.241729372Z dist/ssr/assets/analogjs-content-Cwh1XQ6v.js                21.09 kB
2025-10-22T20:15:20.241733392Z dist/ssr/assets/rxjs-interop-D1Iv3R_A.js                    34.61 kB
2025-10-22T20:15:20.241743423Z dist/ssr/assets/ancal-footer.component-BGU7YJry.js          36.12 kB
2025-10-22T20:15:20.241750573Z dist/ssr/assets/xhr2-51O2Aa3r.js                            37.61 kB
2025-10-22T20:15:20.241822575Z dist/ssr/main.server.js                                  1,368.57 kB
2025-10-22T20:15:20.241981099Z ✓ built in 13.17s
2025-10-22T20:15:20.869898542Z Prerendering static pages...
2025-10-22T20:15:22.122895196Z Production Mode
2025-10-22T20:15:22.136324717Z Production Mode
2025-10-22T20:15:22.146740372Z [API Request] https://www.googleapis.com/blogger/v3/blogs/14706135/pages?key=AIzaSyB0F7w-BRYHSngcnHVcOMPjr0g_rsf2prw&fetchBodies=false
2025-10-22T20:15:22.165424902Z [API Request] https://www.googleapis.com/blogger/v3/blogs/14706135?key=AIzaSyB0F7w-BRYHSngcnHVcOMPjr0g_rsf2prw
2025-10-22T20:15:22.166502043Z [API Request] https://www.googleapis.com/blogger/v3/blogs/14706135/posts?key=AIzaSyB0F7w-BRYHSngcnHVcOMPjr0g_rsf2prw&fetchImages=true&fetchBodies=false&maxResults=300
2025-10-22T20:15:22.167349687Z [API Request] https://www.googleapis.com/blogger/v3/blogs/14706135/posts?key=AIzaSyB0F7w-BRYHSngcnHVcOMPjr0g_rsf2prw&fetchImages=true&fetchBodies=false&maxResults=300
2025-10-22T20:15:22.177150424Z [FetchError: [GET] "/api/v1/find-post": 400 Missing encodedQ parameter]
2025-10-22T20:15:22.919661046Z [API Success] https://www.googleapis.com/blogger/v3/blogs/14706135?key=AIzaSyB0F7w-BRYHSngcnHVcOMPjr0g_rsf2prw
2025-10-22T20:15:22.984112953Z [API Success] https://www.googleapis.com/blogger/v3/blogs/14706135/pages?key=AIzaSyB0F7w-BRYHSngcnHVcOMPjr0g_rsf2prw&fetchBodies=false
2025-10-22T20:15:23.241608314Z [API Success] https://www.googleapis.com/blogger/v3/blogs/14706135/posts?key=AIzaSyB0F7w-BRYHSngcnHVcOMPjr0g_rsf2prw&fetchImages=true&fetchBodies=false&maxResults=300
2025-10-22T20:15:23.245941926Z [API Success] https://www.googleapis.com/blogger/v3/blogs/14706135/posts?key=AIzaSyB0F7w-BRYHSngcnHVcOMPjr0g_rsf2prw&fetchImages=true&fetchBodies=false&maxResults=300
2025-10-22T20:15:23.325183023Z Production Mode
2025-10-22T20:15:23.330101472Z [API Cache] Hit for https://www.googleapis.com/blogger/v3/blogs/14706135/pages?key=AIzaSyB0F7w-BRYHSngcnHVcOMPjr0g_rsf2prw&fetchBodies=false
2025-10-22T20:15:23.330173574Z [API Cache] Hit for https://www.googleapis.com/blogger/v3/blogs/14706135?key=AIzaSyB0F7w-BRYHSngcnHVcOMPjr0g_rsf2prw
2025-10-22T20:15:23.330259757Z [API Cache] Hit for https://www.googleapis.com/blogger/v3/blogs/14706135/posts?key=AIzaSyB0F7w-BRYHSngcnHVcOMPjr0g_rsf2prw&fetchImages=true&fetchBodies=false&maxResults=300
2025-10-22T20:15:23.330304638Z [API Cache] Hit for https://www.googleapis.com/blogger/v3/blogs/14706135/posts?key=AIzaSyB0F7w-BRYHSngcnHVcOMPjr0g_rsf2prw&fetchImages=true&fetchBodies=false&maxResults=300
2025-10-22T20:15:23.390550746Z Production Mode
2025-10-22T20:15:23.393311255Z [API Cache] Hit for https://www.googleapis.com/blogger/v3/blogs/14706135/pages?key=AIzaSyB0F7w-BRYHSngcnHVcOMPjr0g_rsf2prw&fetchBodies=false
2025-10-22T20:15:23.393345696Z [API Cache] Hit for https://www.googleapis.com/blogger/v3/blogs/14706135?key=AIzaSyB0F7w-BRYHSngcnHVcOMPjr0g_rsf2prw
2025-10-22T20:15:23.393411158Z [API Cache] Hit for https://www.googleapis.com/blogger/v3/blogs/14706135/posts?key=AIzaSyB0F7w-BRYHSngcnHVcOMPjr0g_rsf2prw&fetchImages=true&fetchBodies=false&maxResults=300
2025-10-22T20:15:23.399777778Z [API Request] https://www.googleapis.com/blogger/v3/blogs/14706135/posts/5364375746958536957?key=AIzaSyB0F7w-BRYHSngcnHVcOMPjr0g_rsf2prw
2025-10-22T20:15:24.155691599Z [API Success] https://www.googleapis.com/blogger/v3/blogs/14706135/posts/5364375746958536957?key=AIzaSyB0F7w-BRYHSngcnHVcOMPjr0g_rsf2prw
2025-10-22T20:15:24.160711201Z [API Cache] Hit for https://www.googleapis.com/blogger/v3/blogs/14706135/posts?key=AIzaSyB0F7w-BRYHSngcnHVcOMPjr0g_rsf2prw&fetchImages=true&fetchBodies=false&maxResults=300
2025-10-22T20:15:24.175550402Z Production Mode
2025-10-22T20:15:24.177385144Z [API Cache] Hit for https://www.googleapis.com/blogger/v3/blogs/14706135/pages?key=AIzaSyB0F7w-BRYHSngcnHVcOMPjr0g_rsf2prw&fetchBodies=false
2025-10-22T20:15:24.177416605Z [API Cache] Hit for https://www.googleapis.com/blogger/v3/blogs/14706135?key=AIzaSyB0F7w-BRYHSngcnHVcOMPjr0g_rsf2prw
2025-10-22T20:15:24.177496528Z [API Cache] Hit for https://www.googleapis.com/blogger/v3/blogs/14706135/posts?key=AIzaSyB0F7w-BRYHSngcnHVcOMPjr0g_rsf2prw&fetchImages=true&fetchBodies=false&maxResults=300
2025-10-22T20:15:24.177551229Z [API Request] https://www.googleapis.com/blogger/v3/blogs/14706135/posts/2492049933532817979?key=AIzaSyB0F7w-BRYHSngcnHVcOMPjr0g_rsf2prw
2025-10-22T20:15:24.923489597Z [API Success] https://www.googleapis.com/blogger/v3/blogs/14706135/posts/2492049933532817979?key=AIzaSyB0F7w-BRYHSngcnHVcOMPjr0g_rsf2prw
2025-10-22T20:15:24.927642055Z [API Cache] Hit for https://www.googleapis.com/blogger/v3/blogs/14706135/posts?key=AIzaSyB0F7w-BRYHSngcnHVcOMPjr0g_rsf2prw&fetchImages=true&fetchBodies=false&maxResults=300
2025-10-22T20:15:24.942038523Z Production Mode
2025-10-22T20:15:24.944123372Z [API Cache] Hit for https://www.googleapis.com/blogger/v3/blogs/14706135/pages?key=AIzaSyB0F7w-BRYHSngcnHVcOMPjr0g_rsf2prw&fetchBodies=false
2025-10-22T20:15:24.944132082Z [API Cache] Hit for https://www.googleapis.com/blogger/v3/blogs/14706135?key=AIzaSyB0F7w-BRYHSngcnHVcOMPjr0g_rsf2prw
2025-10-22T20:15:24.944236815Z [API Cache] Hit for https://www.googleapis.com/blogger/v3/blogs/14706135/posts?key=AIzaSyB0F7w-BRYHSngcnHVcOMPjr0g_rsf2prw&fetchImages=true&fetchBodies=false&maxResults=300
2025-10-22T20:15:24.944292677Z [API Request] https://www.googleapis.com/blogger/v3/blogs/14706135/posts/5686725038141386673?key=AIzaSyB0F7w-BRYHSngcnHVcOMPjr0g_rsf2prw
2025-10-22T20:15:25.704307935Z [API Success] https://www.googleapis.com/blogger/v3/blogs/14706135/posts/5686725038141386673?key=AIzaSyB0F7w-BRYHSngcnHVcOMPjr0g_rsf2prw
2025-10-22T20:15:25.708758481Z [API Cache] Hit for https://www.googleapis.com/blogger/v3/blogs/14706135/posts?key=AIzaSyB0F7w-BRYHSngcnHVcOMPjr0g_rsf2prw&fetchImages=true&fetchBodies=false&maxResults=300
2025-10-22T20:15:25.722316335Z Production Mode
2025-10-22T20:15:25.724197838Z [API Cache] Hit for https://www.googleapis.com/blogger/v3/blogs/14706135/pages?key=AIzaSyB0F7w-BRYHSngcnHVcOMPjr0g_rsf2prw&fetchBodies=false
2025-10-22T20:15:25.724222829Z [API Cache] Hit for https://www.googleapis.com/blogger/v3/blogs/14706135?key=AIzaSyB0F7w-BRYHSngcnHVcOMPjr0g_rsf2prw
2025-10-22T20:15:25.724292621Z [API Cache] Hit for https://www.googleapis.com/blogger/v3/blogs/14706135/posts?key=AIzaSyB0F7w-BRYHSngcnHVcOMPjr0g_rsf2prw&fetchImages=true&fetchBodies=false&maxResults=300
2025-10-22T20:15:25.724347243Z [API Request] https://www.googleapis.com/blogger/v3/blogs/14706135/posts/685450511132993957?key=AIzaSyB0F7w-BRYHSngcnHVcOMPjr0g_rsf2prw
2025-10-22T20:15:26.475674334Z [API Success] https://www.googleapis.com/blogger/v3/blogs/14706135/posts/685450511132993957?key=AIzaSyB0F7w-BRYHSngcnHVcOMPjr0g_rsf2prw
2025-10-22T20:15:26.479565854Z [API Cache] Hit for https://www.googleapis.com/blogger/v3/blogs/14706135/posts?key=AIzaSyB0F7w-BRYHSngcnHVcOMPjr0g_rsf2prw&fetchImages=true&fetchBodies=false&maxResults=300
2025-10-22T20:15:26.493195711Z Production Mode
2025-10-22T20:15:26.49495652Z [API Cache] Hit for https://www.googleapis.com/blogger/v3/blogs/14706135/pages?key=AIzaSyB0F7w-BRYHSngcnHVcOMPjr0g_rsf2prw&fetchBodies=false
2025-10-22T20:15:26.494991521Z [API Cache] Hit for https://www.googleapis.com/blogger/v3/blogs/14706135?key=AIzaSyB0F7w-BRYHSngcnHVcOMPjr0g_rsf2prw
2025-10-22T20:15:26.495063434Z [API Cache] Hit for https://www.googleapis.com/blogger/v3/blogs/14706135/posts?key=AIzaSyB0F7w-BRYHSngcnHVcOMPjr0g_rsf2prw&fetchImages=true&fetchBodies=false&maxResults=300
2025-10-22T20:15:26.495106085Z [API Request] https://www.googleapis.com/blogger/v3/blogs/14706135/posts/4659937523683173130?key=AIzaSyB0F7w-BRYHSngcnHVcOMPjr0g_rsf2prw
2025-10-22T20:15:27.25962079Z [API Success] https://www.googleapis.com/blogger/v3/blogs/14706135/posts/4659937523683173130?key=AIzaSyB0F7w-BRYHSngcnHVcOMPjr0g_rsf2prw
2025-10-22T20:15:27.263573962Z [API Cache] Hit for https://www.googleapis.com/blogger/v3/blogs/14706135/posts?key=AIzaSyB0F7w-BRYHSngcnHVcOMPjr0g_rsf2prw&fetchImages=true&fetchBodies=false&maxResults=300
2025-10-22T20:15:27.276697384Z Production Mode
2025-10-22T20:15:27.278489695Z [API Cache] Hit for https://www.googleapis.com/blogger/v3/blogs/14706135/pages?key=AIzaSyB0F7w-BRYHSngcnHVcOMPjr0g_rsf2prw&fetchBodies=false
2025-10-22T20:15:27.278535947Z [API Cache] Hit for https://www.googleapis.com/blogger/v3/blogs/14706135?key=AIzaSyB0F7w-BRYHSngcnHVcOMPjr0g_rsf2prw
2025-10-22T20:15:27.278615899Z [API Cache] Hit for https://www.googleapis.com/blogger/v3/blogs/14706135/posts?key=AIzaSyB0F7w-BRYHSngcnHVcOMPjr0g_rsf2prw&fetchImages=true&fetchBodies=false&maxResults=300
2025-10-22T20:15:27.27866677Z [API Request] https://www.googleapis.com/blogger/v3/blogs/14706135/posts/835834259362310712?key=AIzaSyB0F7w-BRYHSngcnHVcOMPjr0g_rsf2prw
2025-10-22T20:15:27.596295035Z [API Success] https://www.googleapis.com/blogger/v3/blogs/14706135/posts/835834259362310712?key=AIzaSyB0F7w-BRYHSngcnHVcOMPjr0g_rsf2prw
2025-10-22T20:15:27.599691152Z [API Cache] Hit for https://www.googleapis.com/blogger/v3/blogs/14706135/posts?key=AIzaSyB0F7w-BRYHSngcnHVcOMPjr0g_rsf2prw&fetchImages=true&fetchBodies=false&maxResults=300
2025-10-22T20:15:27.613546474Z Production Mode
2025-10-22T20:15:27.615343755Z [API Cache] Hit for https://www.googleapis.com/blogger/v3/blogs/14706135/pages?key=AIzaSyB0F7w-BRYHSngcnHVcOMPjr0g_rsf2prw&fetchBodies=false
2025-10-22T20:15:27.615353336Z [API Cache] Hit for https://www.googleapis.com/blogger/v3/blogs/14706135?key=AIzaSyB0F7w-BRYHSngcnHVcOMPjr0g_rsf2prw
2025-10-22T20:15:27.615419858Z [API Cache] Hit for https://www.googleapis.com/blogger/v3/blogs/14706135/posts?key=AIzaSyB0F7w-BRYHSngcnHVcOMPjr0g_rsf2prw&fetchImages=true&fetchBodies=false&maxResults=300
2025-10-22T20:15:27.615433708Z [API Request] https://www.googleapis.com/blogger/v3/blogs/14706135/posts/5563399458559648576?key=AIzaSyB0F7w-BRYHSngcnHVcOMPjr0g_rsf2prw
2025-10-22T20:15:27.826348078Z [API Success] https://www.googleapis.com/blogger/v3/blogs/14706135/posts/5563399458559648576?key=AIzaSyB0F7w-BRYHSngcnHVcOMPjr0g_rsf2prw
2025-10-22T20:15:27.830040842Z [API Cache] Hit for https://www.googleapis.com/blogger/v3/blogs/14706135/posts?key=AIzaSyB0F7w-BRYHSngcnHVcOMPjr0g_rsf2prw&fetchImages=true&fetchBodies=false&maxResults=300
2025-10-22T20:15:27.843652328Z Production Mode
2025-10-22T20:15:27.845462829Z [API Cache] Hit for https://www.googleapis.com/blogger/v3/blogs/14706135/pages?key=AIzaSyB0F7w-BRYHSngcnHVcOMPjr0g_rsf2prw&fetchBodies=false
2025-10-22T20:15:27.84547819Z [API Cache] Hit for https://www.googleapis.com/blogger/v3/blogs/14706135?key=AIzaSyB0F7w-BRYHSngcnHVcOMPjr0g_rsf2prw
2025-10-22T20:15:27.845563762Z [API Cache] Hit for https://www.googleapis.com/blogger/v3/blogs/14706135/posts?key=AIzaSyB0F7w-BRYHSngcnHVcOMPjr0g_rsf2prw&fetchImages=true&fetchBodies=false&maxResults=300
2025-10-22T20:15:27.845614224Z [API Request] https://www.googleapis.com/blogger/v3/blogs/14706135/posts/5326160783088308650?key=AIzaSyB0F7w-BRYHSngcnHVcOMPjr0g_rsf2prw
2025-10-22T20:15:28.586972972Z [API Success] https://www.googleapis.com/blogger/v3/blogs/14706135/posts/5326160783088308650?key=AIzaSyB0F7w-BRYHSngcnHVcOMPjr0g_rsf2prw
2025-10-22T20:15:28.59394152Z [API Cache] Hit for https://www.googleapis.com/blogger/v3/blogs/14706135/posts?key=AIzaSyB0F7w-BRYHSngcnHVcOMPjr0g_rsf2prw&fetchImages=true&fetchBodies=false&maxResults=300
2025-10-22T20:15:28.613633408Z Production Mode
2025-10-22T20:15:28.616380826Z [API Cache] Hit for https://www.googleapis.com/blogger/v3/blogs/14706135/pages?key=AIzaSyB0F7w-BRYHSngcnHVcOMPjr0g_rsf2prw&fetchBodies=false
2025-10-22T20:15:28.616400897Z [API Cache] Hit for https://www.googleapis.com/blogger/v3/blogs/14706135?key=AIzaSyB0F7w-BRYHSngcnHVcOMPjr0g_rsf2prw
2025-10-22T20:15:28.616491969Z [API Cache] Hit for https://www.googleapis.com/blogger/v3/blogs/14706135/posts?key=AIzaSyB0F7w-BRYHSngcnHVcOMPjr0g_rsf2prw&fetchImages=true&fetchBodies=false&maxResults=300
2025-10-22T20:15:28.616575992Z [API Request] https://www.googleapis.com/blogger/v3/blogs/14706135/posts/7870043323007370609?key=AIzaSyB0F7w-BRYHSngcnHVcOMPjr0g_rsf2prw
2025-10-22T20:15:29.36531435Z [API Success] https://www.googleapis.com/blogger/v3/blogs/14706135/posts/7870043323007370609?key=AIzaSyB0F7w-BRYHSngcnHVcOMPjr0g_rsf2prw
2025-10-22T20:15:29.369421856Z [API Cache] Hit for https://www.googleapis.com/blogger/v3/blogs/14706135/posts?key=AIzaSyB0F7w-BRYHSngcnHVcOMPjr0g_rsf2prw&fetchImages=true&fetchBodies=false&maxResults=300
2025-10-22T20:15:29.382765225Z Production Mode
2025-10-22T20:15:29.384561355Z [API Cache] Hit for https://www.googleapis.com/blogger/v3/blogs/14706135/pages?key=AIzaSyB0F7w-BRYHSngcnHVcOMPjr0g_rsf2prw&fetchBodies=false
2025-10-22T20:15:29.384588646Z [API Cache] Hit for https://www.googleapis.com/blogger/v3/blogs/14706135?key=AIzaSyB0F7w-BRYHSngcnHVcOMPjr0g_rsf2prw
2025-10-22T20:15:29.384629547Z [API Cache] Hit for https://www.googleapis.com/blogger/v3/blogs/14706135/posts?key=AIzaSyB0F7w-BRYHSngcnHVcOMPjr0g_rsf2prw&fetchImages=true&fetchBodies=false&maxResults=300
2025-10-22T20:15:29.384692359Z [API Request] https://www.googleapis.com/blogger/v3/blogs/14706135/posts/7824479809420325?key=AIzaSyB0F7w-BRYHSngcnHVcOMPjr0g_rsf2prw
2025-10-22T20:15:30.149945635Z [API Success] https://www.googleapis.com/blogger/v3/blogs/14706135/posts/7824479809420325?key=AIzaSyB0F7w-BRYHSngcnHVcOMPjr0g_rsf2prw
2025-10-22T20:15:30.155476392Z [API Cache] Hit for https://www.googleapis.com/blogger/v3/blogs/14706135/posts?key=AIzaSyB0F7w-BRYHSngcnHVcOMPjr0g_rsf2prw&fetchImages=true&fetchBodies=false&maxResults=300
2025-10-22T20:15:30.176293272Z Production Mode
2025-10-22T20:15:30.179092882Z [API Cache] Hit for https://www.googleapis.com/blogger/v3/blogs/14706135/pages?key=AIzaSyB0F7w-BRYHSngcnHVcOMPjr0g_rsf2prw&fetchBodies=false
2025-10-22T20:15:30.179114942Z [API Cache] Hit for https://www.googleapis.com/blogger/v3/blogs/14706135?key=AIzaSyB0F7w-BRYHSngcnHVcOMPjr0g_rsf2prw
2025-10-22T20:15:30.179204535Z [API Cache] Hit for https://www.googleapis.com/blogger/v3/blogs/14706135/posts?key=AIzaSyB0F7w-BRYHSngcnHVcOMPjr0g_rsf2prw&fetchImages=true&fetchBodies=false&maxResults=300
2025-10-22T20:15:30.186719108Z [API Request] https://www.googleapis.com/blogger/v3/blogs/14706135/pages/6048833549281860053?key=AIzaSyB0F7w-BRYHSngcnHVcOMPjr0g_rsf2prw
2025-10-22T20:15:30.944885753Z [API Success] https://www.googleapis.com/blogger/v3/blogs/14706135/pages/6048833549281860053?key=AIzaSyB0F7w-BRYHSngcnHVcOMPjr0g_rsf2prw
2025-10-22T20:15:30.949148444Z [API Cache] Hit for https://www.googleapis.com/blogger/v3/blogs/14706135/posts?key=AIzaSyB0F7w-BRYHSngcnHVcOMPjr0g_rsf2prw&fetchImages=true&fetchBodies=false&maxResults=300
2025-10-22T20:15:30.962614456Z Production Mode
2025-10-22T20:15:30.964287523Z [API Cache] Hit for https://www.googleapis.com/blogger/v3/blogs/14706135/pages?key=AIzaSyB0F7w-BRYHSngcnHVcOMPjr0g_rsf2prw&fetchBodies=false
2025-10-22T20:15:30.964324394Z [API Cache] Hit for https://www.googleapis.com/blogger/v3/blogs/14706135?key=AIzaSyB0F7w-BRYHSngcnHVcOMPjr0g_rsf2prw
2025-10-22T20:15:30.964430987Z [API Cache] Hit for https://www.googleapis.com/blogger/v3/blogs/14706135/posts?key=AIzaSyB0F7w-BRYHSngcnHVcOMPjr0g_rsf2prw&fetchImages=true&fetchBodies=false&maxResults=300
2025-10-22T20:15:30.964500939Z [API Request] https://www.googleapis.com/blogger/v3/blogs/14706135/pages/8305721467201807954?key=AIzaSyB0F7w-BRYHSngcnHVcOMPjr0g_rsf2prw
2025-10-22T20:15:31.173257057Z [API Success] https://www.googleapis.com/blogger/v3/blogs/14706135/pages/8305721467201807954?key=AIzaSyB0F7w-BRYHSngcnHVcOMPjr0g_rsf2prw
2025-10-22T20:15:31.176568361Z [API Cache] Hit for https://www.googleapis.com/blogger/v3/blogs/14706135/posts?key=AIzaSyB0F7w-BRYHSngcnHVcOMPjr0g_rsf2prw&fetchImages=true&fetchBodies=false&maxResults=300
2025-10-22T20:15:31.189157618Z Production Mode
2025-10-22T20:15:31.190721572Z [API Cache] Hit for https://www.googleapis.com/blogger/v3/blogs/14706135/pages?key=AIzaSyB0F7w-BRYHSngcnHVcOMPjr0g_rsf2prw&fetchBodies=false
2025-10-22T20:15:31.190746493Z [API Cache] Hit for https://www.googleapis.com/blogger/v3/blogs/14706135?key=AIzaSyB0F7w-BRYHSngcnHVcOMPjr0g_rsf2prw
2025-10-22T20:15:31.190814145Z [API Cache] Hit for https://www.googleapis.com/blogger/v3/blogs/14706135/posts?key=AIzaSyB0F7w-BRYHSngcnHVcOMPjr0g_rsf2prw&fetchImages=true&fetchBodies=false&maxResults=300
2025-10-22T20:15:31.190867887Z [API Request] https://www.googleapis.com/blogger/v3/blogs/14706135/pages/5456576845451199532?key=AIzaSyB0F7w-BRYHSngcnHVcOMPjr0g_rsf2prw
2025-10-22T20:15:31.397224627Z [API Success] https://www.googleapis.com/blogger/v3/blogs/14706135/pages/5456576845451199532?key=AIzaSyB0F7w-BRYHSngcnHVcOMPjr0g_rsf2prw
2025-10-22T20:15:31.400531631Z [API Cache] Hit for https://www.googleapis.com/blogger/v3/blogs/14706135/posts?key=AIzaSyB0F7w-BRYHSngcnHVcOMPjr0g_rsf2prw&fetchImages=true&fetchBodies=false&maxResults=300
2025-10-22T20:15:31.413005615Z Production Mode
2025-10-22T20:15:31.414584479Z [API Cache] Hit for https://www.googleapis.com/blogger/v3/blogs/14706135/pages?key=AIzaSyB0F7w-BRYHSngcnHVcOMPjr0g_rsf2prw&fetchBodies=false
2025-10-22T20:15:31.41461318Z [API Cache] Hit for https://www.googleapis.com/blogger/v3/blogs/14706135?key=AIzaSyB0F7w-BRYHSngcnHVcOMPjr0g_rsf2prw
2025-10-22T20:15:31.414643521Z [API Cache] Hit for https://www.googleapis.com/blogger/v3/blogs/14706135/posts?key=AIzaSyB0F7w-BRYHSngcnHVcOMPjr0g_rsf2prw&fetchImages=true&fetchBodies=false&maxResults=300
2025-10-22T20:15:31.414707963Z [API Request] https://www.googleapis.com/blogger/v3/blogs/14706135/pages/2505303809997177590?key=AIzaSyB0F7w-BRYHSngcnHVcOMPjr0g_rsf2prw
2025-10-22T20:15:32.163327718Z [API Success] https://www.googleapis.com/blogger/v3/blogs/14706135/pages/2505303809997177590?key=AIzaSyB0F7w-BRYHSngcnHVcOMPjr0g_rsf2prw
2025-10-22T20:15:32.167331581Z [API Cache] Hit for https://www.googleapis.com/blogger/v3/blogs/14706135/posts?key=AIzaSyB0F7w-BRYHSngcnHVcOMPjr0g_rsf2prw&fetchImages=true&fetchBodies=false&maxResults=300
2025-10-22T20:15:32.181467682Z Production Mode
2025-10-22T20:15:32.183476409Z [API Cache] Hit for https://www.googleapis.com/blogger/v3/blogs/14706135/pages?key=AIzaSyB0F7w-BRYHSngcnHVcOMPjr0g_rsf2prw&fetchBodies=false
2025-10-22T20:15:32.183495269Z [API Cache] Hit for https://www.googleapis.com/blogger/v3/blogs/14706135?key=AIzaSyB0F7w-BRYHSngcnHVcOMPjr0g_rsf2prw
2025-10-22T20:15:32.18352895Z [API Cache] Hit for https://www.googleapis.com/blogger/v3/blogs/14706135/posts?key=AIzaSyB0F7w-BRYHSngcnHVcOMPjr0g_rsf2prw&fetchImages=true&fetchBodies=false&maxResults=300
2025-10-22T20:15:32.183587562Z [API Request] https://www.googleapis.com/blogger/v3/blogs/14706135/pages/536357291002192427?key=AIzaSyB0F7w-BRYHSngcnHVcOMPjr0g_rsf2prw
2025-10-22T20:15:32.385416144Z [API Success] https://www.googleapis.com/blogger/v3/blogs/14706135/pages/536357291002192427?key=AIzaSyB0F7w-BRYHSngcnHVcOMPjr0g_rsf2prw
2025-10-22T20:15:32.389030417Z [API Cache] Hit for https://www.googleapis.com/blogger/v3/blogs/14706135/posts?key=AIzaSyB0F7w-BRYHSngcnHVcOMPjr0g_rsf2prw&fetchImages=true&fetchBodies=false&maxResults=300
2025-10-22T20:15:32.402030845Z Production Mode
2025-10-22T20:15:32.403702413Z [API Cache] Hit for https://www.googleapis.com/blogger/v3/blogs/14706135/pages?key=AIzaSyB0F7w-BRYHSngcnHVcOMPjr0g_rsf2prw&fetchBodies=false
2025-10-22T20:15:32.403720153Z [API Cache] Hit for https://www.googleapis.com/blogger/v3/blogs/14706135?key=AIzaSyB0F7w-BRYHSngcnHVcOMPjr0g_rsf2prw
2025-10-22T20:15:32.403783495Z [API Cache] Hit for https://www.googleapis.com/blogger/v3/blogs/14706135/posts?key=AIzaSyB0F7w-BRYHSngcnHVcOMPjr0g_rsf2prw&fetchImages=true&fetchBodies=false&maxResults=300
2025-10-22T20:15:32.403852747Z [API Request] https://www.googleapis.com/blogger/v3/blogs/14706135/pages/2735012436612192965?key=AIzaSyB0F7w-BRYHSngcnHVcOMPjr0g_rsf2prw
2025-10-22T20:15:33.155061184Z [API Success] https://www.googleapis.com/blogger/v3/blogs/14706135/pages/2735012436612192965?key=AIzaSyB0F7w-BRYHSngcnHVcOMPjr0g_rsf2prw
2025-10-22T20:15:33.159970364Z [API Cache] Hit for https://www.googleapis.com/blogger/v3/blogs/14706135/posts?key=AIzaSyB0F7w-BRYHSngcnHVcOMPjr0g_rsf2prw&fetchImages=true&fetchBodies=false&maxResults=300
2025-10-22T20:15:33.176376749Z Production Mode
2025-10-22T20:15:33.178483549Z [API Cache] Hit for https://www.googleapis.com/blogger/v3/blogs/14706135/pages?key=AIzaSyB0F7w-BRYHSngcnHVcOMPjr0g_rsf2prw&fetchBodies=false
2025-10-22T20:15:33.178507729Z [API Cache] Hit for https://www.googleapis.com/blogger/v3/blogs/14706135?key=AIzaSyB0F7w-BRYHSngcnHVcOMPjr0g_rsf2prw
2025-10-22T20:15:33.178588832Z [API Cache] Hit for https://www.googleapis.com/blogger/v3/blogs/14706135/posts?key=AIzaSyB0F7w-BRYHSngcnHVcOMPjr0g_rsf2prw&fetchImages=true&fetchBodies=false&maxResults=300
2025-10-22T20:15:33.178640823Z [API Request] https://www.googleapis.com/blogger/v3/blogs/14706135/pages/8253588413417424800?key=AIzaSyB0F7w-BRYHSngcnHVcOMPjr0g_rsf2prw
2025-10-22T20:15:33.901926779Z [API Success] https://www.googleapis.com/blogger/v3/blogs/14706135/pages/8253588413417424800?key=AIzaSyB0F7w-BRYHSngcnHVcOMPjr0g_rsf2prw
2025-10-22T20:15:33.905666205Z [API Cache] Hit for https://www.googleapis.com/blogger/v3/blogs/14706135/posts?key=AIzaSyB0F7w-BRYHSngcnHVcOMPjr0g_rsf2prw&fetchImages=true&fetchBodies=false&maxResults=300
2025-10-22T20:15:33.918384216Z Production Mode
2025-10-22T20:15:33.920122975Z [API Cache] Hit for https://www.googleapis.com/blogger/v3/blogs/14706135/pages?key=AIzaSyB0F7w-BRYHSngcnHVcOMPjr0g_rsf2prw&fetchBodies=false
2025-10-22T20:15:33.920138906Z [API Cache] Hit for https://www.googleapis.com/blogger/v3/blogs/14706135?key=AIzaSyB0F7w-BRYHSngcnHVcOMPjr0g_rsf2prw
2025-10-22T20:15:33.920220058Z [API Cache] Hit for https://www.googleapis.com/blogger/v3/blogs/14706135/posts?key=AIzaSyB0F7w-BRYHSngcnHVcOMPjr0g_rsf2prw&fetchImages=true&fetchBodies=false&maxResults=300
2025-10-22T20:15:33.92028171Z [API Request] https://www.googleapis.com/blogger/v3/blogs/14706135/pages/5469354041339198926?key=AIzaSyB0F7w-BRYHSngcnHVcOMPjr0g_rsf2prw
2025-10-22T20:15:34.679039202Z [API Success] https://www.googleapis.com/blogger/v3/blogs/14706135/pages/5469354041339198926?key=AIzaSyB0F7w-BRYHSngcnHVcOMPjr0g_rsf2prw
2025-10-22T20:15:34.683543559Z [API Cache] Hit for https://www.googleapis.com/blogger/v3/blogs/14706135/posts?key=AIzaSyB0F7w-BRYHSngcnHVcOMPjr0g_rsf2prw&fetchImages=true&fetchBodies=false&maxResults=300
2025-10-22T20:15:34.699344587Z Production Mode
2025-10-22T20:15:34.701309223Z [API Cache] Hit for https://www.googleapis.com/blogger/v3/blogs/14706135/pages?key=AIzaSyB0F7w-BRYHSngcnHVcOMPjr0g_rsf2prw&fetchBodies=false
2025-10-22T20:15:34.701324143Z [API Cache] Hit for https://www.googleapis.com/blogger/v3/blogs/14706135?key=AIzaSyB0F7w-BRYHSngcnHVcOMPjr0g_rsf2prw
2025-10-22T20:15:34.701392575Z [API Cache] Hit for https://www.googleapis.com/blogger/v3/blogs/14706135/posts?key=AIzaSyB0F7w-BRYHSngcnHVcOMPjr0g_rsf2prw&fetchImages=true&fetchBodies=false&maxResults=300
2025-10-22T20:15:34.701438917Z [API Request] https://www.googleapis.com/blogger/v3/blogs/14706135/pages/2745377099447965648?key=AIzaSyB0F7w-BRYHSngcnHVcOMPjr0g_rsf2prw
2025-10-22T20:15:35.013858544Z [API Success] https://www.googleapis.com/blogger/v3/blogs/14706135/pages/2745377099447965648?key=AIzaSyB0F7w-BRYHSngcnHVcOMPjr0g_rsf2prw
2025-10-22T20:15:35.018712172Z [API Cache] Hit for https://www.googleapis.com/blogger/v3/blogs/14706135/posts?key=AIzaSyB0F7w-BRYHSngcnHVcOMPjr0g_rsf2prw&fetchImages=true&fetchBodies=false&maxResults=300
2025-10-22T20:15:35.030403873Z Building Server...
2025-10-22T20:15:41.142592182Z Building Sitemap...
2025-10-22T20:15:41.148649634Z Writing sitemap at /opt/render/project/src/dist/analog/public/sitemap.xml
2025-10-22T20:15:41.151380882Z 
2025-10-22T20:15:41.151389072Z 
2025-10-22T20:15:41.151392442Z The '@analogjs/platform' server has been successfully built.
2025-10-22T20:15:42.74137555Z ==> Uploading build...
2025-10-22T20:16:01.351826281Z ==> Uploaded in 14.2s. Compression took 4.4s
2025-10-22T20:16:01.465219016Z ==> Build successful 🎉
2025-10-22T20:16:07.956275254Z ==> Deploying...
2025-10-22T20:16:39.826898681Z ==> Running 'node dist/analog/server/index.mjs'
2025-10-22T20:16:40.425069498Z Listening on http://[::]:10000
2025-10-22T20:16:44.957337612Z ==> Your service is live 🎉
2025-10-22T20:16:45.12778327Z ==> 
2025-10-22T20:16:45.284608202Z ==> ///////////////////////////////////////////////////////////
2025-10-22T20:16:45.445848023Z ==> 
2025-10-22T20:16:45.607692345Z ==> Available at your primary URL https://streetsurfclub-analog.onrender.com
2025-10-22T20:16:45.764154597Z ==> 
2025-10-22T20:16:45.927027288Z ==> ///////////////////////////////////////////////////////////